<?xml version="1.0" encoding="UTF-8"?>
<!-- Generated by org.testng.reporters.JUnitReportReporter -->
<testsuite hostname="LavaKumar" failures="0" tests="1" name="com.tyss.demo.testScript.CreateNewCustomerTest" time="11.438" errors="0" timestamp="2022-10-03T14:42:36 IST" skipped="0">
  <testcase classname="com.tyss.demo.testScript.CreateNewCustomerTest" name="createNewCustomerTest" time="11.438"/>
  <system-out/>
</testsuite> <!-- com.tyss.demo.testScript.CreateNewCustomerTest -->
